<?xml version="1.0" encoding="UTF-8"?>
<!-- Generated by org.testng.reporters.JUnitReportReporter -->
<testsuite name="test.AutomationTest" tests="2" time="72.428" ignored="0" failures="0" timestamp="25 Apr 2017 20:57:27 GMT" skipped="0" hostname="DESKTOP-I95JV2K" errors="0">
  <testcase name="automationScript" time="23.074" classname="test.AutomationTest"/>
  <testcase name="automationScript" time="49.354" classname="test.AutomationTest"/>
</testsuite> <!-- test.AutomationTest -->
