<?xml version="1.0" encoding="UTF-8"?>
<!-- Generated by org.testng.reporters.JUnitReportReporter -->
<testsuite skipped="0" hostname="ZenLaptop802" name="test.AutomationTest" tests="2" failures="0" timestamp="24 Apr 2017 20:00:16 GMT" time="84.331" errors="0">
  <testcase name="automationScript" time="24.669" classname="test.AutomationTest"/>
  <testcase name="automationScript" time="59.662" classname="test.AutomationTest"/>
</testsuite> <!-- test.AutomationTest -->
