<?xml version="1.0" encoding="UTF-8"?>
<!-- Generated by org.testng.reporters.JUnitReportReporter -->
<testsuite name="test.AutomationTest" tests="2" time="81.878" ignored="0" failures="0" timestamp="25 Apr 2017 15:58:07 GMT" skipped="0" hostname="ZenLaptop802" errors="0">
  <testcase name="automationScript" time="24.433" classname="test.AutomationTest"/>
  <testcase name="automationScript" time="57.445" classname="test.AutomationTest"/>
</testsuite> <!-- test.AutomationTest -->
